#
# There is insufficient memory for the Java Runtime Environment to continue.
# Native memory allocation (mmap) failed to map 134217728 bytes for G1 virtual space
# Possible reasons:
#   The system is out of physical RAM or swap space
#   The process is running with CompressedOops enabled, and the Java Heap may be blocking the growth of the native heap
# Possible solutions:
#   Reduce memory load on the system
#   Increase physical memory or swap space
#   Check if swap backing store is full
#   Decrease Java heap size (-Xmx/-Xms)
#   Decrease number of Java threads
#   Decrease Java thread stack sizes (-Xss)
#   Set larger code cache with -XX:ReservedCodeCacheSize=
#   JVM is running with Unscaled Compressed Oops mode in which the Java heap is
#     placed in the first 4GB address space. The Java Heap base address is the
#     maximum limit for the native heap growth. Please use -XX:HeapBaseMinAddress
#     to set the Java Heap base and to place the Java Heap above 4GB virtual address.
# This output file may be truncated or incomplete.
#
#  Out of Memory Error (os_windows.cpp:3527), pid=5564, tid=19224
#
# JRE version:  (19.0+36) (build )
# Java VM: Java HotSpot(TM) 64-Bit Server VM (19+36-2238, mixed mode, sharing, tiered, compressed oops, compressed class ptrs, g1 gc, windows-amd64)
# No core dump will be written. Minidumps are not enabled by default on client versions of Windows
#

---------------  S U M M A R Y ------------

Command Line: -Dfile.encoding=UTF-8 -Dstdout.encoding=UTF-8 -Dstderr.encoding=UTF-8 -XX:+ShowCodeDetailsInExceptionMessages javaPractice.UserInputWork

Host: Intel(R) Xeon(R) CPU E3-1245 v5 @ 3.50GHz, 8 cores, 7G,  Windows 10 , 64 bit Build 19041 (10.0.19041.3636)
Time: Tue Jun 18 10:43:06 2024 Paris, Madrid (heure duild 19041 (10.0.19041.3636) elapsed time: 0.026349 seconds (0d 0h 0m 0s)

---------------  T H R E A D  ---------------

Current thread (0x000001bdf3fc2e20):  JavaThread "Unknown thread" [_thread_in_vm, id=19224, stack(0x000000192d400000,0x000000192d500000)]

Stack: [0x000000192d400000,0x000000192d500000]
Native frames: (J=compiled Java code, j=interpreted, Vv=VM code, C=native code)
V  [jvm.dll+0x6ee8fa]
V  [jvm.dll+0x857a1e]
V  [jvm.dll+0x85940e]
V  [jvm.dll+0x859ac3]
V  [jvm.dll+0x28291f]
V  [jvm.dll+0x6eb6e9]
V  [jvm.dll+0x6e028a]
V  [jvm.dll+0x357136]
V  [jvm.dll+0x35eb96]
V  [jvm.dll+0x3b555e]
V  [jvm.dll+0x3b578f]
V  [jvm.dll+0x32c6ea]
V  [jvm.dll+0x32d59e]
V  [jvm.dll+0x821b20]
V  [jvm.dll+0x3c27c1]
V  [jvm.dll+0x8022f1]
V  [jvm.dll+0x44b30f]
V  [jvm.dll+0x44cc91]
C  [jli.dll+0x5287]
C  [ucrtbase.dll+0x21bb2]
C  [KERNEL32.DLL+0x17344]
C  [ntdll.dll+0x4cc91]


---------------  P R O C E S S  ---------------

Threads class SMR info:
_java_thread_list=0x00007ffdef8ad048, length=0, elements={
}

Java Threads: ( => current thread )

Other Threads:
  0x000001bdf4022490 WorkerThread "GC Thread#0" [stack: 0x000000192d500000,0x000000192d600000] [id=16188]
  0x000001bdf40339f0 ConcurrentGCThread "G1 Main Marker" [stack: 0x000000192d600000,0x000000192d700000] [id=15380]
  0x000001bdf4034420 WorkerThread "G1 Conc#0" [stack: 0x000000192d700000,0x000000192d800000] [id=20764]

[error occurred during error reporting (printing all threads), id 0xc0000005, EXCEPTION_ACCESS_VIOLATION (0xc0000005) at pc=0x00007ffdef06d127]

VM state: not at safepoint (not fully initialized)

VM Mutex/Monitor currently owned by a thread:  ([mutex/lock_event])
[0x000001bdf3fbc1f0] Heap_lock - owner thread: 0x000001bdf3fc2e20

Heap address: 0x0000000081a00000, size: 2022 MB, Compressed Oops mode: 32-bit

CDS archive(s) mapped at: [0x0000000000000000-0x0000000000000000-0x0000000000000000), size 0, SharedBaseAddress: 0x0000000800000000, ArchiveRelocationMode: 0.
Narrow klass base: 0x0000000000000000, Narrow klass shift: 0, Narrow klass range: 0x0

GC Precious Log:
 CardTable entry size: 512
 Card Set container configuration: InlinePtr #cards 5 size 8 Array Of Cards #cards 12 size 40 Howl #buckets 4 coarsen threshold 1843 Howl Bitmap #cards 512 size 80 coarsen threshold 460 Card regions per heap region 1 cards per card region 2048

Heap:
 garbage-first heap   total 0K, used 0K [0x0000000081a00000, 0x0000000100000000)
  region size 1024K, 0 young (0K), 0 survivors (0K)

[error occurred during error reporting (printing heap information), id 0xc0000005, EXCEPTION_ACCESS_VIOLATION (0xc0000005) at pc=0x00007ffdef476959]

GC Heap History (0 events):
No events

Dll operation events (1 events):
Event: 0.015 Loaded shared library C:\Program Files\Java\jdk-19\bin\java.dll

Deoptimization events (0 events):
No events

Classes loaded (0 events):
No events

Classes unloaded (0 events):
No events

Classes redefined (0 events):
No events

Internal exceptions (0 events):
No events

VM Operations (0 events):
No events

Events (0 events):
No events


Dynamic libraries:
0x00007ff692e00000 - 0x00007ff692e10000 	C:\Program Files\Java\jdk-19\bin\javaw.exe
0x00007ffe3ab30000 - 0x00007ffe3ad28000 	C:\windows\SYSTEM32\ntdll.dll
0x00007ffe39c60000 - 0x00007ffe39d1d000 	C:\windows\System32\KERNEL32.DLL
0x00007ffe38870000 - 0x00007ffe38b66000 	C:\windows\System32\KERNELBASE.dll
0x00007ffe384f0000 - 0x00007ffe385f0000 	C:\windows\System32\ucrtbase.dll
0x00007ffe21f70000 - 0x00007ffe21f88000 	C:\Program Files\Java\jdk-19\bin\jli.dll
0x00007ffe3a960000 - 0x00007ffe3aa10000 	C:\windows\System32\ADVAPI32.dll
0x00007ffe3a8c0000 - 0x00007ffe3a95e000 	C:\windows\System32\msvcrt.dll
0x00007ffe121d0000 - 0x00007ffe121eb000 	C:\Program Files\Java\jdk-19\bin\VCRUNTIME140.dll
0x00007ffe39aa0000 - 0x00007ffe39b40000 	C:\windows\System32\sechost.dll
0x00007ffe3a4f0000 - 0x00007ffe3a613000 	C:\windows\System32\RPCRT4.dll
0x00007ffe381f0000 - 0x00007ffe38217000 	C:\windows\System32\bcrypt.dll
0x00007ffe395e0000 - 0x00007ffe3977f000 	C:\windows\System32\USER32.dll
0x00007ffe1fb80000 - 0x00007ffe1fe1a000 	C:\windows\WinSxS\amd64_microsoft.windows.common-controls_6595b64144ccf1df_6.0.19041.4355_none_60b8b9eb71f62e16\COMCTL32.dll
0x00007ffe39250000 - 0x00007ffe3927b000 	C:\windows\System32\GDI32.dll
0x00007ffe38840000 - 0x00007ffe38862000 	C:\windows\System32\win32u.dll
0x00007ffe383d0000 - 0x00007ffe384e7000 	C:\windows\System32\gdi32full.dll
0x00007ffe386a0000 - 0x00007ffe3873d000 	C:\windows\System32\msvcp_win.dll
0x00007ffe32db0000 - 0x00007ffe32dba000 	C:\windows\SYSTEM32\VERSION.dll
0x00007ffe3a620000 - 0x00007ffe3a64f000 	C:\windows\System32\IMM32.DLL
0x00007ffe1e8c0000 - 0x00007ffe1e8cc000 	C:\Program Files\Java\jdk-19\bin\vcruntime140_1.dll
0x00007ffdfbda0000 - 0x00007ffdfbe2e000 	C:\Program Files\Java\jdk-19\bin\msvcp140.dll
0x00007ffdeed30000 - 0x00007ffdef9f0000 	C:\Program Files\Java\jdk-19\bin\server\jvm.dll
0x00007ffe1d010000 - 0x00007ffe1d019000 	C:\windows\SYSTEM32\WSOCK32.dll
0x00007ffe17010000 - 0x00007ffe17037000 	C:\windows\SYSTEM32\WINMM.dll
0x00007ffe3a650000 - 0x00007ffe3a6bb000 	C:\windows\System32\WS2_32.dll
0x00007ffe35d90000 - 0x00007ffe35da2000 	C:\windows\SYSTEM32\kernel.appcore.dll
0x00007ffe1cef0000 - 0x00007ffe1cefa000 	C:\Program Files\Java\jdk-19\bin\jimage.dll
0x00007ffe10150000 - 0x00007ffe10334000 	C:\windows\SYSTEM32\DBGHELP.DLL
0x00007ffe10880000 - 0x00007ffe108b4000 	C:\windows\SYSTEM32\dbgcore.DLL
0x00007ffe38740000 - 0x00007ffe387c2000 	C:\windows\System32\bcryptPrimitives.dll
0x00007ffe0d460000 - 0x00007ffe0d486000 	C:\Program Files\Java\jdk-19\bin\java.dll

dbghelp: loaded successfully - version: 4.0.5 - missing functions: none
symbol engine: initialized successfully - sym options: 0x614 - pdb path: .;C:\Program Files\Java\jdk-19\bin;C:\windows\SYSTEM32;C:\windows\WinSxS\amd64_microsoft.windows.common-controls_6595b64144ccf1df_6.0.19041.4355_none_60b8b9eb71f62e16;C:\Program Files\Java\jdk-19\bin\server

VM Arguments:
jvm_args: -Dfile.encoding=UTF-8 -Dstdout.encoding=UTF-8 -Dstderr.encoding=UTF-8 -XX:+ShowCodeDetailsInExceptionMessages 
java_command: javaPractice.UserInputWork
java_class_path (initial): C:\Users\kpariyar\Documents\GitHub\ABC2403_Karan\04 Extra\object\java practice\bin
Launcher Type: SUN_STANDARD

[Global flags]
     intx CICompilerCount                          = 4                                         {product} {ergonomic}
     uint ConcGCThreads                            = 2                                         {product} {ergonomic}
     uint G1ConcRefinementThreads                  = 8                                         {product} {ergonomic}
   size_t G1HeapRegionSize                         = 1048576                                   {product} {ergonomic}
    uintx GCDrainStackTargetSize                   = 64                                        {product} {ergonomic}
   size_t InitialHeapSize                          = 134217728                                 {product} {ergonomic}
   size_t MarkStackSize                            = 4194304                                   {product} {ergonomic}
   size_t MaxHeapSize                              = 2120220672                                {product} {ergonomic}
   size_t MinHeapDeltaBytes                        = 1048576                                   {product} {ergonomic}
   size_t MinHeapSize                              = 8388608                                   {product} {ergonomic}
    uintx NonNMethodCodeHeapSize                   = 5839372                                {pd product} {ergonomic}
    uintx NonProfiledCodeHeapSize                  = 122909434                              {pd product} {ergonomic}
    uintx ProfiledCodeHeapSize                     = 122909434                              {pd product} {ergonomic}
    uintx ReservedCodeCacheSize                    = 251658240                              {pd product} {ergonomic}
     bool SegmentedCodeCache                       = true                                      {product} {ergonomic}
     bool ShowCodeDetailsInExceptionMessages       = true                                   {manageable} {command line}
   size_t SoftMaxHeapSize                          = 2120220672                             {manageable} {ergonomic}
     bool UseCompressedClassPointers               = true                           {product lp64_product} {ergonomic}
     bool UseCompressedOops                        = true                           {product lp64_product} {ergonomic}
     bool UseG1GC                                  = true                                      {product} {ergonomic}
     bool UseLargePagesIndividualAllocation        = false                                  {pd product} {ergonomic}

Logging:
Log output configuration:
 #0: stdout all=warning uptime,level,tags foldmultilines=false
 #1: stderr all=off uptime,level,tags foldmultilines=false

Environment Variables:
PATH=C:\Program Files\Common Files\Oracle\Java\javapath;C:\Python310\Scripts\;C:\Python310\;C:\Program Files\Microsoft MPI\Bin\;C:\Program Files (x86)\Common Files\Oracle\Java\javapath;C:\ProgramData\Oracle\Java\javapath;C:\WINDOWS\system32;C:\WINDOWS;C:\WINDOWS\System32\Wbem;C:\WINDOWS\System32\WindowsPowerShell\v1.0\;C:\WINDOWS\System32\OpenSSH\;C:\Program Files\dotnet\;C:\Program Files\Microsoft SQL Server\130\Tools\Binn\;C:\Program Files (x86)\Microsoft SQL Server\140\Tools\Binn\;C:\Program Files (x86)\Microsoft SQL Server\140\DTS\Binn\;C:\Program Files (x86)\Microsoft SQL Server\Client SDK\ODBC\130\Tools\Binn\;C:\Program Files (x86)\Microsoft SQL Server\140\Tools\Binn\ManagementStudio\;C:\Program Files\Microsoft VS Code\bin;C:\Program Files\Microsoft SQL Server\Client SDK\ODBC\170\Tools\Binn\;C:\laragon\bin\php\php-8.1.11;C:\ProgramData\ComposerSetup\bin;C:\Program Files\Microsoft SQL Server\150\Tools\Binn\;C:\Program Files\Docker\Docker\resources\bin;C:\ProgramData\DockerDesktop\version-bin;C:\ProgramData\chocolatey\bin;C:\windows\system32;C:\windows;C:\windows\System32\Wbem;C:\windows\System32\WindowsPowerShell\v1.0\;C:\windows\System32\OpenSSH\;C:\Program Files (x86)\Intel\Intel(R) Management Engine Components\DAL;C:\Program Files\Intel\Intel(R) Management Engine Components\DAL;C:\Program Files\Git\cmd;C:\Program Files\nodejs\;C:\Users\kpariyar\AppData\Local\Microsoft\WindowsApps;C:\Users\kpariyar\AppData\Local\GitHubDesktop\bin
USERNAME=KPariyar
OS=Windows_NT
PROCESSOR_IDENTIFIER=Intel64 Family 6 Model 94 Stepping 3, GenuineIntel
TMP=C:\Users\kpariyar\AppData\Local\Temp
TEMP=C:\Users\kpariyar\AppData\Local\Temp



---------------  S Y S T E M  ---------------

OS:
 Windows 10 , 64 bit Build 19041 (10.0.19041.3636)
OS uptime: 0 days 23:43 hours
Hyper-V role detected

CPU: total 8 (initial active 8) (4 cores per cpu, 2 threads per core) family 6 model 94 stepping 3 microcode 0xf0, cx8, cmov, fxsr, ht, mmx, 3dnowpref, sse, sse2, sse3, ssse3, sse4.1, sse4.2, popcnt, lzcnt, tsc, tscinvbit, avx, avx2, aes, erms, clmul, bmi1, bmi2, rtm, adx, fma, vzeroupper, clflush, clflushopt, hv, rdtscp

Memory: 4k page, system-wide physical 8083M (492M free)
TotalPageFile size 32659M (AvailPageFile size 107M)
current process WorkingSet (physical memory assigned to process): 10M, peak: 10M
current process commit charge ("private bytes"): 60M, peak: 188M

vm_info: Java HotSpot(TM) 64-Bit Server VM (19+36-2238) for windows-amd64 JRE (19+36-2238), built on 2022-08-12T20:29:01Z by "mach5one" with MS VC++ 17.1 (VS2022)

END.
